001 ------ SIMPLE 010 -----
002 -----WYBIERANKA 02-----
003 -----DOJDZ DO EXIT-----
004 ----ZAKRECONY ETAP-----
005 ------PROBLEM 01-------
006 ------PROBLEM 02-------
007 ----MIX ORIGINAL 13----
008 ------PROBLEM 03-------
009 ---KOLEJNY NUDNY ETAP--
010 ------PROBLEM 04-------
011 ------PROBLEM 05-------
012 -------RELAKS 11-------
013 ------PROBLEM 06-------
014 ------PROBLEM 07-------
015 NIEPOTRZEBNY  DETONATOR
016 ETAP DLA ZAAWANSOWANYCH
017 SZYFR 2KOWY       (331)
018 SZYFR 4KOWY   (1291954)
019 SZYFR 6KOWY   (1093562)
020 ------NOZYCZKI 02------
021 SZYFR 10KOWY (89769798)
022 --ZABLOKOWANE EXIT 01--
023 -DWIE WIEZE I PIRAMIDA-
024 -JAK WYDOSTAC 3 BOMBY?-
025 -----------------------
026 -----------------------
027 -----------------------
028 -----------------------
029 -----------------------
030 -----------------------
031 -----------------------
032 -----------------------
033 -----------------------
034 -----------------------
035 -----------------------
036 -----------------------
037 -----------------------
038 -----------------------
039 -----------------------
040 -----------------------
041 -----------------------
042 -----------------------
043 -----------------------
044 -----------------------
045 -----------------------
046 -----------------------
047 -----------------------
048 -----------------------
049 -----------------------
050 -----------------------
051 ----------  -----------
052 ----------  -----------
053 ----------  -----------
054 ----------  -----------
055 ----------  -----------
056 ----------  -----------
057 ----------  -----------
058 ----------  -----------
059 ----------  -----------
060 ----------  -----------
061 ----------  -----------
062 ----------  -----------
063 ----------  -----------
064 ----------  -----------
065 ----------  -----------
066 ----------  -----------
067 ----------  -----------
068 ----------  -----------
069 ----------  -----------
070 ----------  -----------
071 ----------  -----------
072 ----------  -----------
073 ----------  -----------
074 ----------  -----------
075 ----------  -----------
076 ----------  -----------
077 ----------  -----------
078 ----------  -----------
079 ----------  -----------
080 ----------  -----------
081 ----------  -----------
082 ----------  -----------
083 ----------  -----------
084 ----------  -----------
085 ----------  -----------
086 ----------  -----------
087 ----------  -----------
088 ----------  -----------
089 ----------  -----------
090 ----------  -----------
091 ----------  -----------
092 ----------  -----------
093 ----------  -----------
094 ----------  -----------
095 ----------  -----------
096 ----------  -----------
097 ----------  -----------
098 ----------  -----------
099 ----------  -----------
100 ----------  -----------
101 ----------  -----------
102 ----------  -----------
103 ----------  -----------
104 ----------  -----------
105 ----------  -----------
106 ----------  -----------
107 ----------  -----------
108 ----------  -----------
109 ----------  -----------
110 ----------  -----------
111 ----------  -----------
